= Host-specific information ====================================================
$> hostname; uname -msr
e1z3r4p23.42.us.org
Darwin 17.4.0 x86_64
$> date
Tue Nov 27 03:41:39 PST 2018
$> gcc --version
Configured with: --prefix=/Library/Developer/CommandLineTools/usr --with-gxx-include-dir=/usr/include/c++/4.2.1
Apple LLVM version 9.1.0 (clang-902.0.39.2)
Target: x86_64-apple-darwin17.4.0
Thread model: posix
InstalledDir: /Library/Developer/CommandLineTools/usr/bin
$> clang --version
Apple LLVM version 9.1.0 (clang-902.0.39.2)
Target: x86_64-apple-darwin17.4.0
Thread model: posix
InstalledDir: /Library/Developer/CommandLineTools/usr/bin

= User files collection ========================================================
Collecting user files from Vogsphere
Repository URL: auto-exam/2018/c-exam-alone-in-the-dark-intermediate/practice-exam_20181127/gmalpart

= Git history ==================================================================
$> git -C /var/folders/96/mj5m_99d2f5_62wrxj0xxzkw0000gp/T/tmpo7tR36/user log --pretty='%H - %an, %ad : %s'
bf80497c87b6b65abdfa227293f6b0cbd2a8094a - regien, Tue Nov 27 03:41:10 2018 -0800 : flood done
a6fcaf0fee62c544498b519d841c71dfb9dcea96 - regien, Tue Nov 27 00:10:30 2018 -0800 : done
 
= Collected files ==========================================
$> ls -lAR /var/folders/96/mj5m_99d2f5_62wrxj0xxzkw0000gp/T/tmpo7tR36/user
total 8
-rw-r--r--  1 deepthought  deepthought  553 Nov 27 03:41 __GIT_HISTORY
drwxr-xr-x  3 deepthought  deepthought  102 Nov 27 03:41 count_of_2
drwxr-xr-x  4 deepthought  deepthought  136 Nov 27 03:41 flood_fill

/var/folders/96/mj5m_99d2f5_62wrxj0xxzkw0000gp/T/tmpo7tR36/user/count_of_2:
total 8
-rw-r--r--  1 deepthought  deepthought  416 Nov 27 03:41 count_of_2.c

/var/folders/96/mj5m_99d2f5_62wrxj0xxzkw0000gp/T/tmpo7tR36/user/flood_fill:
total 16
-rw-r--r--  1 deepthought  deepthought  2133 Nov 27 03:41 flood_fill.c
-rw-r--r--  1 deepthought  deepthought   295 Nov 27 03:41 t_point.h
 
= flood_fill ===================================================================
$> gcc -Wextra -Wall -Werror flood_fill.c main.c -o user_exe 

= Test 1 ===================================================
$> ./j4658fjbt06ye2x4qh3jpnjb test1
$> diff -U 3 user_output_test1 test1.output | cat -e
--- user_output_test1	2018-11-27 03:41:41.000000000 -0800$
+++ test1.output	2018-11-27 03:41:41.000000000 -0800$
@@ -1,5 +1,5 @@$
 1 1 1 1 1 1 1 1 $
-1 0 F 0 1 0 F 1 $
-1 0 F 1 F 0 F 1 $
-1 0 1 0 F 0 F 1 $
-1 1 F 0 F 0 F 0 $
+1 F F F 1 0 0 1 $
+1 F F 1 0 0 0 1 $
+1 F 1 0 0 0 0 1 $
+1 1 0 0 0 0 0 0 $

Diff KO :(
Grade: 0

= Final grade: 0 ===============================================================
